<?xml version="1.0" encoding="UTF-8"?>
<!-- Generated by org.testng.reporters.JUnitReportReporter -->
<testsuite hostname="IP-C6137698" name="iMacGroup.iMacArtID.SampleTestNG" tests="1" failures="0" timestamp="26 Feb 2019 09:02:25 GMT" time="0.005" errors="0">
  <testcase name="f" time="0.005" classname="iMacGroup.iMacArtID.SampleTestNG"/>
</testsuite> <!-- iMacGroup.iMacArtID.SampleTestNG -->
